{"C:\\Users\\Laura\\Desktop\\Laboratoria\\BQAC\\DEV005-burger-queen-api-client\\Burger-Queen-Api-Client\\src\\assets\\Login\\login.jsx": {"path":"C:\\Users\\Laura\\Desktop\\Laboratoria\\BQAC\\DEV005-burger-queen-api-client\\Burger-Queen-Api-Client\\src\\assets\\Login\\login.jsx","statementMap":{"0":{"start":{"line":9,"column":42},"end":{"line":9,"column":54}},"1":{"start":{"line":15,"column":6},"end":{"line":15,"column":15}},"2":{"start":{"line":16,"column":21},"end":{"line":16,"column":34}},"3":{"start":{"line":18,"column":19},"end":{"line":58,"column":25}},"4":{"start":{"line":19,"column":4},"end":{"line":57,"column":9}},"5":{"start":{"line":21,"column":8},"end":{"line":23,"column":9}},"6":{"start":{"line":22,"column":10},"end":{"line":22,"column":33}},"7":{"start":{"line":24,"column":8},"end":{"line":24,"column":47}},"8":{"start":{"line":27,"column":8},"end":{"line":45,"column":9}},"9":{"start":{"line":28,"column":10},"end":{"line":28,"column":31}},"10":{"start":{"line":29,"column":10},"end":{"line":29,"column":64}},"11":{"start":{"line":30,"column":10},"end":{"line":30,"column":61}},"12":{"start":{"line":31,"column":10},"end":{"line":31,"column":59}},"13":{"start":{"line":32,"column":10},"end":{"line":32,"column":55}},"14":{"start":{"line":33,"column":15},"end":{"line":45,"column":9}},"15":{"start":{"line":34,"column":10},"end":{"line":34,"column":30}},"16":{"start":{"line":35,"column":10},"end":{"line":35,"column":64}},"17":{"start":{"line":36,"column":10},"end":{"line":36,"column":61}},"18":{"start":{"line":37,"column":10},"end":{"line":37,"column":59}},"19":{"start":{"line":38,"column":10},"end":{"line":38,"column":55}},"20":{"start":{"line":39,"column":15},"end":{"line":45,"column":9}},"21":{"start":{"line":40,"column":10},"end":{"line":40,"column":30}},"22":{"start":{"line":41,"column":10},"end":{"line":41,"column":64}},"23":{"start":{"line":42,"column":10},"end":{"line":42,"column":61}},"24":{"start":{"line":43,"column":10},"end":{"line":43,"column":59}},"25":{"start":{"line":44,"column":10},"end":{"line":44,"column":55}},"26":{"start":{"line":48,"column":8},"end":{"line":54,"column":9}},"27":{"start":{"line":49,"column":10},"end":{"line":49,"column":46}},"28":{"start":{"line":50,"column":15},"end":{"line":54,"column":9}},"29":{"start":{"line":51,"column":10},"end":{"line":51,"column":50}},"30":{"start":{"line":53,"column":10},"end":{"line":53,"column":46}},"31":{"start":{"line":55,"column":8},"end":{"line":55,"column":39}},"32":{"start":{"line":56,"column":8},"end":{"line":56,"column":16}},"33":{"start":{"line":60,"column":2},"end":{"line":113,"column":4}}},"fnMap":{"0":{"name":"Auth","decl":{"start":{"line":8,"column":9},"end":{"line":8,"column":13}},"loc":{"start":{"line":8,"column":16},"end":{"line":114,"column":1}},"line":8},"1":{"name":"(anonymous_1)","decl":{"start":{"line":18,"column":31},"end":{"line":18,"column":32}},"loc":{"start":{"line":18,"column":41},"end":{"line":58,"column":3}},"line":18},"2":{"name":"(anonymous_2)","decl":{"start":{"line":20,"column":12},"end":{"line":20,"column":13}},"loc":{"start":{"line":20,"column":32},"end":{"line":25,"column":7}},"line":20},"3":{"name":"(anonymous_3)","decl":{"start":{"line":26,"column":12},"end":{"line":26,"column":13}},"loc":{"start":{"line":26,"column":22},"end":{"line":46,"column":7}},"line":26},"4":{"name":"(anonymous_4)","decl":{"start":{"line":47,"column":13},"end":{"line":47,"column":14}},"loc":{"start":{"line":47,"column":24},"end":{"line":57,"column":7}},"line":47}},"branchMap":{"0":{"loc":{"start":{"line":21,"column":8},"end":{"line":23,"column":9}},"type":"if","locations":[{"start":{"line":21,"column":8},"end":{"line":23,"column":9}},{"start":{},"end":{}}],"line":21},"1":{"loc":{"start":{"line":27,"column":8},"end":{"line":45,"column":9}},"type":"if","locations":[{"start":{"line":27,"column":8},"end":{"line":45,"column":9}},{"start":{"line":33,"column":15},"end":{"line":45,"column":9}}],"line":27},"2":{"loc":{"start":{"line":33,"column":15},"end":{"line":45,"column":9}},"type":"if","locations":[{"start":{"line":33,"column":15},"end":{"line":45,"column":9}},{"start":{"line":39,"column":15},"end":{"line":45,"column":9}}],"line":33},"3":{"loc":{"start":{"line":39,"column":15},"end":{"line":45,"column":9}},"type":"if","locations":[{"start":{"line":39,"column":15},"end":{"line":45,"column":9}},{"start":{},"end":{}}],"line":39},"4":{"loc":{"start":{"line":48,"column":8},"end":{"line":54,"column":9}},"type":"if","locations":[{"start":{"line":48,"column":8},"end":{"line":54,"column":9}},{"start":{"line":50,"column":15},"end":{"line":54,"column":9}}],"line":48},"5":{"loc":{"start":{"line":50,"column":15},"end":{"line":54,"column":9}},"type":"if","locations":[{"start":{"line":50,"column":15},"end":{"line":54,"column":9}},{"start":{"line":52,"column":15},"end":{"line":54,"column":9}}],"line":50},"6":{"loc":{"start":{"line":91,"column":15},"end":{"line":93,"column":15}},"type":"binary-expr","locations":[{"start":{"line":91,"column":15},"end":{"line":91,"column":48}},{"start":{"line":92,"column":16},"end":{"line":92,"column":45}}],"line":91},"7":{"loc":{"start":{"line":94,"column":15},"end":{"line":96,"column":15}},"type":"binary-expr","locations":[{"start":{"line":94,"column":15},"end":{"line":94,"column":47}},{"start":{"line":95,"column":16},"end":{"line":95,"column":57}}],"line":94},"8":{"loc":{"start":{"line":97,"column":15},"end":{"line":99,"column":15}},"type":"binary-expr","locations":[{"start":{"line":97,"column":15},"end":{"line":97,"column":51}},{"start":{"line":98,"column":16},"end":{"line":98,"column":49}}],"line":97},"9":{"loc":{"start":{"line":100,"column":15},"end":{"line":104,"column":15}},"type":"cond-expr","locations":[{"start":{"line":101,"column":16},"end":{"line":101,"column":67}},{"start":{"line":103,"column":16},"end":{"line":103,"column":18}}],"line":100}},"s":{"0":16,"1":16,"2":16,"3":16,"4":3,"5":2,"6":1,"7":1,"8":1,"9":1,"10":1,"11":1,"12":1,"13":1,"14":0,"15":0,"16":0,"17":0,"18":0,"19":0,"20":0,"21":0,"22":0,"23":0,"24":0,"25":0,"26":2,"27":1,"28":1,"29":0,"30":1,"31":2,"32":2,"33":16},"f":{"0":16,"1":3,"2":2,"3":1,"4":2},"b":{"0":[1,1],"1":[1,0],"2":[0,0],"3":[0,0],"4":[1,1],"5":[0,1],"6":[16,1],"7":[16,0],"8":[16,0],"9":[4,12]},"_coverageSchema":"1a1c01bbd47fc00a2c39e90264f33305004495a9","hash":"e4516a4ca9db46a7f4fa0f61108963ab6243f8c8"}
,"C:\\Users\\Laura\\Desktop\\Laboratoria\\BQAC\\DEV005-burger-queen-api-client\\Burger-Queen-Api-Client\\src\\assets\\admin\\EmployeesView.jsx": {"path":"C:\\Users\\Laura\\Desktop\\Laboratoria\\BQAC\\DEV005-burger-queen-api-client\\Burger-Queen-Api-Client\\src\\assets\\admin\\EmployeesView.jsx","statementMap":{"0":{"start":{"line":13,"column":22},"end":{"line":309,"column":1}},"1":{"start":{"line":14,"column":28},"end":{"line":14,"column":40}},"2":{"start":{"line":15,"column":40},"end":{"line":15,"column":55}},"3":{"start":{"line":16,"column":48},"end":{"line":16,"column":63}},"4":{"start":{"line":17,"column":52},"end":{"line":17,"column":67}},"5":{"start":{"line":18,"column":28},"end":{"line":18,"column":40}},"6":{"start":{"line":19,"column":34},"end":{"line":19,"column":46}},"7":{"start":{"line":20,"column":26},"end":{"line":20,"column":38}},"8":{"start":{"line":21,"column":38},"end":{"line":21,"column":52}},"9":{"start":{"line":22,"column":34},"end":{"line":22,"column":48}},"10":{"start":{"line":23,"column":42},"end":{"line":23,"column":56}},"11":{"start":{"line":24,"column":42},"end":{"line":24,"column":60}},"12":{"start":{"line":26,"column":2},"end":{"line":30,"column":9}},"13":{"start":{"line":27,"column":4},"end":{"line":29,"column":7}},"14":{"start":{"line":28,"column":6},"end":{"line":28,"column":32}},"15":{"start":{"line":32,"column":2},"end":{"line":43,"column":19}},"16":{"start":{"line":33,"column":4},"end":{"line":42,"column":5}},"17":{"start":{"line":34,"column":6},"end":{"line":41,"column":11}},"18":{"start":{"line":35,"column":23},"end":{"line":35,"column":33}},"19":{"start":{"line":37,"column":10},"end":{"line":37,"column":28}},"20":{"start":{"line":40,"column":10},"end":{"line":40,"column":31}},"21":{"start":{"line":46,"column":4},"end":{"line":46,"column":25}},"22":{"start":{"line":47,"column":4},"end":{"line":47,"column":30}},"23":{"start":{"line":48,"column":4},"end":{"line":48,"column":32}},"24":{"start":{"line":51,"column":30},"end":{"line":56,"column":3}},"25":{"start":{"line":52,"column":4},"end":{"line":52,"column":25}},"26":{"start":{"line":53,"column":4},"end":{"line":53,"column":29}},"27":{"start":{"line":54,"column":4},"end":{"line":54,"column":32}},"28":{"start":{"line":55,"column":4},"end":{"line":55,"column":26}},"29":{"start":{"line":58,"column":32},"end":{"line":63,"column":3}},"30":{"start":{"line":59,"column":4},"end":{"line":59,"column":25}},"31":{"start":{"line":60,"column":4},"end":{"line":60,"column":30}},"32":{"start":{"line":61,"column":4},"end":{"line":61,"column":31}},"33":{"start":{"line":62,"column":4},"end":{"line":62,"column":28}},"34":{"start":{"line":66,"column":4},"end":{"line":66,"column":26}},"35":{"start":{"line":67,"column":4},"end":{"line":67,"column":30}},"36":{"start":{"line":68,"column":4},"end":{"line":68,"column":32}},"37":{"start":{"line":69,"column":4},"end":{"line":69,"column":22}},"38":{"start":{"line":70,"column":4},"end":{"line":70,"column":26}},"39":{"start":{"line":73,"column":27},"end":{"line":89,"column":3}},"40":{"start":{"line":74,"column":4},"end":{"line":74,"column":23}},"41":{"start":{"line":75,"column":20},"end":{"line":79,"column":5}},"42":{"start":{"line":80,"column":4},"end":{"line":88,"column":9}},"43":{"start":{"line":82,"column":8},"end":{"line":82,"column":28}},"44":{"start":{"line":83,"column":8},"end":{"line":83,"column":38}},"45":{"start":{"line":84,"column":8},"end":{"line":84,"column":27}},"46":{"start":{"line":87,"column":8},"end":{"line":87,"column":29}},"47":{"start":{"line":91,"column":25},"end":{"line":111,"column":3}},"48":{"start":{"line":92,"column":4},"end":{"line":92,"column":23}},"49":{"start":{"line":93,"column":23},"end":{"line":98,"column":5}},"50":{"start":{"line":100,"column":4},"end":{"line":110,"column":9}},"51":{"start":{"line":102,"column":29},"end":{"line":104,"column":9}},"52":{"start":{"line":103,"column":10},"end":{"line":103,"column":52}},"53":{"start":{"line":105,"column":8},"end":{"line":105,"column":31}},"54":{"start":{"line":106,"column":8},"end":{"line":106,"column":27}},"55":{"start":{"line":109,"column":8},"end":{"line":109,"column":29}},"56":{"start":{"line":113,"column":27},"end":{"line":123,"column":3}},"57":{"start":{"line":114,"column":4},"end":{"line":122,"column":9}},"58":{"start":{"line":116,"column":29},"end":{"line":116,"column":77}},"59":{"start":{"line":116,"column":52},"end":{"line":116,"column":76}},"60":{"start":{"line":117,"column":8},"end":{"line":117,"column":31}},"61":{"start":{"line":118,"column":8},"end":{"line":118,"column":27}},"62":{"start":{"line":121,"column":8},"end":{"line":121,"column":29}},"63":{"start":{"line":125,"column":28},"end":{"line":128,"column":3}},"64":{"start":{"line":126,"column":21},"end":{"line":126,"column":35}},"65":{"start":{"line":127,"column":4},"end":{"line":127,"column":23}},"66":{"start":{"line":130,"column":31},"end":{"line":133,"column":3}},"67":{"start":{"line":131,"column":24},"end":{"line":131,"column":38}},"68":{"start":{"line":132,"column":4},"end":{"line":132,"column":29}},"69":{"start":{"line":135,"column":27},"end":{"line":149,"column":3}},"70":{"start":{"line":136,"column":20},"end":{"line":136,"column":34}},"71":{"start":{"line":137,"column":4},"end":{"line":137,"column":29}},"72":{"start":{"line":140,"column":19},"end":{"line":140,"column":29}},"73":{"start":{"line":143,"column":4},"end":{"line":148,"column":9}},"74":{"start":{"line":147,"column":8},"end":{"line":147,"column":29}},"75":{"start":{"line":151,"column":2},"end":{"line":157,"column":17}},"76":{"start":{"line":152,"column":4},"end":{"line":156,"column":5}},"77":{"start":{"line":153,"column":6},"end":{"line":153,"column":31}},"78":{"start":{"line":154,"column":6},"end":{"line":154,"column":37}},"79":{"start":{"line":155,"column":6},"end":{"line":155,"column":29}},"80":{"start":{"line":159,"column":2},"end":{"line":308,"column":4}},"81":{"start":{"line":165,"column":25},"end":{"line":165,"column":42}},"82":{"start":{"line":179,"column":14},"end":{"line":200,"column":16}},"83":{"start":{"line":187,"column":39},"end":{"line":187,"column":67}},"84":{"start":{"line":195,"column":39},"end":{"line":195,"column":69}}},"fnMap":{"0":{"name":"(anonymous_0)","decl":{"start":{"line":13,"column":22},"end":{"line":13,"column":23}},"loc":{"start":{"line":13,"column":28},"end":{"line":309,"column":1}},"line":13},"1":{"name":"(anonymous_1)","decl":{"start":{"line":26,"column":12},"end":{"line":26,"column":13}},"loc":{"start":{"line":26,"column":18},"end":{"line":30,"column":3}},"line":26},"2":{"name":"(anonymous_2)","decl":{"start":{"line":27,"column":19},"end":{"line":27,"column":20}},"loc":{"start":{"line":27,"column":28},"end":{"line":29,"column":5}},"line":27},"3":{"name":"(anonymous_3)","decl":{"start":{"line":32,"column":12},"end":{"line":32,"column":13}},"loc":{"start":{"line":32,"column":18},"end":{"line":43,"column":3}},"line":32},"4":{"name":"(anonymous_4)","decl":{"start":{"line":35,"column":14},"end":{"line":35,"column":15}},"loc":{"start":{"line":35,"column":23},"end":{"line":35,"column":33}},"line":35},"5":{"name":"(anonymous_5)","decl":{"start":{"line":36,"column":14},"end":{"line":36,"column":15}},"loc":{"start":{"line":36,"column":24},"end":{"line":38,"column":9}},"line":36},"6":{"name":"(anonymous_6)","decl":{"start":{"line":39,"column":15},"end":{"line":39,"column":16}},"loc":{"start":{"line":39,"column":26},"end":{"line":41,"column":9}},"line":39},"7":{"name":"handleModalOpen","decl":{"start":{"line":45,"column":11},"end":{"line":45,"column":26}},"loc":{"start":{"line":45,"column":29},"end":{"line":49,"column":3}},"line":45},"8":{"name":"(anonymous_8)","decl":{"start":{"line":51,"column":30},"end":{"line":51,"column":31}},"loc":{"start":{"line":51,"column":42},"end":{"line":56,"column":3}},"line":51},"9":{"name":"(anonymous_9)","decl":{"start":{"line":58,"column":32},"end":{"line":58,"column":33}},"loc":{"start":{"line":58,"column":44},"end":{"line":63,"column":3}},"line":58},"10":{"name":"handleModalClose","decl":{"start":{"line":65,"column":11},"end":{"line":65,"column":27}},"loc":{"start":{"line":65,"column":30},"end":{"line":71,"column":3}},"line":65},"11":{"name":"(anonymous_11)","decl":{"start":{"line":73,"column":27},"end":{"line":73,"column":28}},"loc":{"start":{"line":73,"column":34},"end":{"line":89,"column":3}},"line":73},"12":{"name":"(anonymous_12)","decl":{"start":{"line":81,"column":12},"end":{"line":81,"column":13}},"loc":{"start":{"line":81,"column":21},"end":{"line":85,"column":7}},"line":81},"13":{"name":"(anonymous_13)","decl":{"start":{"line":86,"column":13},"end":{"line":86,"column":14}},"loc":{"start":{"line":86,"column":24},"end":{"line":88,"column":7}},"line":86},"14":{"name":"(anonymous_14)","decl":{"start":{"line":91,"column":25},"end":{"line":91,"column":26}},"loc":{"start":{"line":91,"column":32},"end":{"line":111,"column":3}},"line":91},"15":{"name":"(anonymous_15)","decl":{"start":{"line":101,"column":12},"end":{"line":101,"column":13}},"loc":{"start":{"line":101,"column":18},"end":{"line":107,"column":7}},"line":101},"16":{"name":"(anonymous_16)","decl":{"start":{"line":102,"column":39},"end":{"line":102,"column":40}},"loc":{"start":{"line":103,"column":10},"end":{"line":103,"column":52}},"line":103},"17":{"name":"(anonymous_17)","decl":{"start":{"line":108,"column":13},"end":{"line":108,"column":14}},"loc":{"start":{"line":108,"column":24},"end":{"line":110,"column":7}},"line":108},"18":{"name":"(anonymous_18)","decl":{"start":{"line":113,"column":27},"end":{"line":113,"column":28}},"loc":{"start":{"line":113,"column":33},"end":{"line":123,"column":3}},"line":113},"19":{"name":"(anonymous_19)","decl":{"start":{"line":115,"column":12},"end":{"line":115,"column":13}},"loc":{"start":{"line":115,"column":18},"end":{"line":119,"column":7}},"line":115},"20":{"name":"(anonymous_20)","decl":{"start":{"line":116,"column":42},"end":{"line":116,"column":43}},"loc":{"start":{"line":116,"column":52},"end":{"line":116,"column":76}},"line":116},"21":{"name":"(anonymous_21)","decl":{"start":{"line":120,"column":13},"end":{"line":120,"column":14}},"loc":{"start":{"line":120,"column":24},"end":{"line":122,"column":7}},"line":120},"22":{"name":"(anonymous_22)","decl":{"start":{"line":125,"column":28},"end":{"line":125,"column":29}},"loc":{"start":{"line":125,"column":35},"end":{"line":128,"column":3}},"line":125},"23":{"name":"(anonymous_23)","decl":{"start":{"line":130,"column":31},"end":{"line":130,"column":32}},"loc":{"start":{"line":130,"column":38},"end":{"line":133,"column":3}},"line":130},"24":{"name":"(anonymous_24)","decl":{"start":{"line":135,"column":27},"end":{"line":135,"column":28}},"loc":{"start":{"line":135,"column":34},"end":{"line":149,"column":3}},"line":135},"25":{"name":"(anonymous_25)","decl":{"start":{"line":144,"column":12},"end":{"line":144,"column":13}},"loc":{"start":{"line":144,"column":18},"end":{"line":145,"column":7}},"line":144},"26":{"name":"(anonymous_26)","decl":{"start":{"line":146,"column":13},"end":{"line":146,"column":14}},"loc":{"start":{"line":146,"column":24},"end":{"line":148,"column":7}},"line":146},"27":{"name":"(anonymous_27)","decl":{"start":{"line":151,"column":12},"end":{"line":151,"column":13}},"loc":{"start":{"line":151,"column":18},"end":{"line":157,"column":3}},"line":151},"28":{"name":"(anonymous_28)","decl":{"start":{"line":165,"column":19},"end":{"line":165,"column":20}},"loc":{"start":{"line":165,"column":25},"end":{"line":165,"column":42}},"line":165},"29":{"name":"(anonymous_29)","decl":{"start":{"line":178,"column":23},"end":{"line":178,"column":24}},"loc":{"start":{"line":178,"column":33},"end":{"line":201,"column":13}},"line":178},"30":{"name":"(anonymous_30)","decl":{"start":{"line":187,"column":33},"end":{"line":187,"column":34}},"loc":{"start":{"line":187,"column":39},"end":{"line":187,"column":67}},"line":187},"31":{"name":"(anonymous_31)","decl":{"start":{"line":195,"column":33},"end":{"line":195,"column":34}},"loc":{"start":{"line":195,"column":39},"end":{"line":195,"column":69}},"line":195}},"branchMap":{"0":{"loc":{"start":{"line":33,"column":4},"end":{"line":42,"column":5}},"type":"if","locations":[{"start":{"line":33,"column":4},"end":{"line":42,"column":5}},{"start":{},"end":{}}],"line":33},"1":{"loc":{"start":{"line":103,"column":10},"end":{"line":103,"column":52}},"type":"cond-expr","locations":[{"start":{"line":103,"column":35},"end":{"line":103,"column":45}},{"start":{"line":103,"column":48},"end":{"line":103,"column":52}}],"line":103},"2":{"loc":{"start":{"line":152,"column":4},"end":{"line":156,"column":5}},"type":"if","locations":[{"start":{"line":152,"column":4},"end":{"line":156,"column":5}},{"start":{},"end":{}}],"line":152},"3":{"loc":{"start":{"line":205,"column":7},"end":{"line":306,"column":7}},"type":"binary-expr","locations":[{"start":{"line":205,"column":7},"end":{"line":205,"column":18}},{"start":{"line":206,"column":8},"end":{"line":305,"column":14}}],"line":205},"4":{"loc":{"start":{"line":213,"column":13},"end":{"line":303,"column":13}},"type":"cond-expr","locations":[{"start":{"line":214,"column":14},"end":{"line":247,"column":21}},{"start":{"line":248,"column":16},"end":{"line":303,"column":13}}],"line":213},"5":{"loc":{"start":{"line":248,"column":16},"end":{"line":303,"column":13}},"type":"cond-expr","locations":[{"start":{"line":249,"column":14},"end":{"line":265,"column":20}},{"start":{"line":267,"column":14},"end":{"line":302,"column":21}}],"line":248}},"s":{"0":1,"1":12,"2":11,"3":11,"4":11,"5":11,"6":11,"7":11,"8":11,"9":11,"10":11,"11":11,"12":11,"13":3,"14":3,"15":11,"16":3,"17":0,"18":0,"19":0,"20":0,"21":2,"22":2,"23":2,"24":11,"25":0,"26":0,"27":0,"28":0,"29":11,"30":0,"31":0,"32":0,"33":0,"34":1,"35":1,"36":1,"37":1,"38":1,"39":11,"40":0,"41":0,"42":0,"43":0,"44":0,"45":0,"46":0,"47":11,"48":0,"49":0,"50":0,"51":0,"52":0,"53":0,"54":0,"55":0,"56":11,"57":0,"58":0,"59":0,"60":0,"61":0,"62":0,"63":11,"64":1,"65":1,"66":11,"67":1,"68":1,"69":11,"70":0,"71":0,"72":0,"73":0,"74":0,"75":11,"76":3,"77":0,"78":0,"79":0,"80":11,"81":2,"82":6,"83":0,"84":0},"f":{"0":12,"1":3,"2":3,"3":3,"4":0,"5":0,"6":0,"7":2,"8":0,"9":0,"10":1,"11":0,"12":0,"13":0,"14":0,"15":0,"16":0,"17":0,"18":0,"19":0,"20":0,"21":0,"22":1,"23":1,"24":0,"25":0,"26":0,"27":3,"28":2,"29":6,"30":0,"31":0},"b":{"0":[0,3],"1":[0,0],"2":[0,3],"3":[11,5],"4":[0,5],"5":[0,5]},"_coverageSchema":"1a1c01bbd47fc00a2c39e90264f33305004495a9","hash":"214b7e7908b6b79e62491c48c5b206b69dffeb3c"}
}
