TN:
SF:src\assets\Login\login.jsx
FN:8,Auth
FN:18,(anonymous_1)
FN:20,(anonymous_2)
FN:26,(anonymous_3)
FN:47,(anonymous_4)
FNF:5
FNH:5
FNDA:16,Auth
FNDA:3,(anonymous_1)
FNDA:2,(anonymous_2)
FNDA:1,(anonymous_3)
FNDA:2,(anonymous_4)
DA:9,16
DA:15,16
DA:16,16
DA:18,16
DA:19,3
DA:21,2
DA:22,1
DA:24,1
DA:27,1
DA:28,1
DA:29,1
DA:30,1
DA:31,1
DA:32,1
DA:33,0
DA:34,0
DA:35,0
DA:36,0
DA:37,0
DA:38,0
DA:39,0
DA:40,0
DA:41,0
DA:42,0
DA:43,0
DA:44,0
DA:48,2
DA:49,1
DA:50,1
DA:51,0
DA:53,1
DA:55,2
DA:56,2
DA:60,16
LF:34
LH:21
BRDA:21,0,0,1
BRDA:21,0,1,1
BRDA:27,1,0,1
BRDA:27,1,1,0
BRDA:33,2,0,0
BRDA:33,2,1,0
BRDA:39,3,0,0
BRDA:39,3,1,0
BRDA:48,4,0,1
BRDA:48,4,1,1
BRDA:50,5,0,0
BRDA:50,5,1,1
BRDA:91,6,0,16
BRDA:91,6,1,1
BRDA:94,7,0,16
BRDA:94,7,1,0
BRDA:97,8,0,16
BRDA:97,8,1,0
BRDA:100,9,0,4
BRDA:100,9,1,12
BRF:20
BRH:12
end_of_record
TN:
SF:src\assets\admin\EmployeesView.jsx
FN:13,(anonymous_0)
FN:26,(anonymous_1)
FN:27,(anonymous_2)
FN:32,(anonymous_3)
FN:35,(anonymous_4)
FN:36,(anonymous_5)
FN:39,(anonymous_6)
FN:45,handleModalOpen
FN:51,(anonymous_8)
FN:58,(anonymous_9)
FN:65,handleModalClose
FN:73,(anonymous_11)
FN:81,(anonymous_12)
FN:86,(anonymous_13)
FN:91,(anonymous_14)
FN:101,(anonymous_15)
FN:102,(anonymous_16)
FN:108,(anonymous_17)
FN:113,(anonymous_18)
FN:115,(anonymous_19)
FN:116,(anonymous_20)
FN:120,(anonymous_21)
FN:125,(anonymous_22)
FN:130,(anonymous_23)
FN:135,(anonymous_24)
FN:144,(anonymous_25)
FN:146,(anonymous_26)
FN:151,(anonymous_27)
FN:165,(anonymous_28)
FN:178,(anonymous_29)
FN:187,(anonymous_30)
FN:195,(anonymous_31)
FNF:32
FNH:11
FNDA:12,(anonymous_0)
FNDA:3,(anonymous_1)
FNDA:3,(anonymous_2)
FNDA:3,(anonymous_3)
FNDA:0,(anonymous_4)
FNDA:0,(anonymous_5)
FNDA:0,(anonymous_6)
FNDA:2,handleModalOpen
FNDA:0,(anonymous_8)
FNDA:0,(anonymous_9)
FNDA:1,handleModalClose
FNDA:0,(anonymous_11)
FNDA:0,(anonymous_12)
FNDA:0,(anonymous_13)
FNDA:0,(anonymous_14)
FNDA:0,(anonymous_15)
FNDA:0,(anonymous_16)
FNDA:0,(anonymous_17)
FNDA:0,(anonymous_18)
FNDA:0,(anonymous_19)
FNDA:0,(anonymous_20)
FNDA:0,(anonymous_21)
FNDA:1,(anonymous_22)
FNDA:1,(anonymous_23)
FNDA:0,(anonymous_24)
FNDA:0,(anonymous_25)
FNDA:0,(anonymous_26)
FNDA:3,(anonymous_27)
FNDA:2,(anonymous_28)
FNDA:6,(anonymous_29)
FNDA:0,(anonymous_30)
FNDA:0,(anonymous_31)
DA:13,1
DA:14,12
DA:15,11
DA:16,11
DA:17,11
DA:18,11
DA:19,11
DA:20,11
DA:21,11
DA:22,11
DA:23,11
DA:24,11
DA:26,11
DA:27,3
DA:28,3
DA:32,11
DA:33,3
DA:34,0
DA:35,0
DA:37,0
DA:40,0
DA:46,2
DA:47,2
DA:48,2
DA:51,11
DA:52,0
DA:53,0
DA:54,0
DA:55,0
DA:58,11
DA:59,0
DA:60,0
DA:61,0
DA:62,0
DA:66,1
DA:67,1
DA:68,1
DA:69,1
DA:70,1
DA:73,11
DA:74,0
DA:75,0
DA:80,0
DA:82,0
DA:83,0
DA:84,0
DA:87,0
DA:91,11
DA:92,0
DA:93,0
DA:100,0
DA:102,0
DA:103,0
DA:105,0
DA:106,0
DA:109,0
DA:113,11
DA:114,0
DA:116,0
DA:117,0
DA:118,0
DA:121,0
DA:125,11
DA:126,1
DA:127,1
DA:130,11
DA:131,1
DA:132,1
DA:135,11
DA:136,0
DA:137,0
DA:140,0
DA:143,0
DA:147,0
DA:151,11
DA:152,3
DA:153,0
DA:154,0
DA:155,0
DA:159,11
DA:165,2
DA:179,6
DA:187,0
DA:195,0
LF:84
LH:42
BRDA:33,0,0,0
BRDA:33,0,1,3
BRDA:103,1,0,0
BRDA:103,1,1,0
BRDA:152,2,0,0
BRDA:152,2,1,3
BRDA:205,3,0,11
BRDA:205,3,1,5
BRDA:213,4,0,0
BRDA:213,4,1,5
BRDA:248,5,0,0
BRDA:248,5,1,5
BRF:12
BRH:6
end_of_record
